<?xml version="1.0" encoding="UTF-8"?>
<!-- Generated by org.testng.reporters.JUnitReportReporter -->
<testsuite skipped="0" hostname="DESKTOP-A7L5GQS" name="com.runner.TestNgRunner" tests="1" failures="0" timestamp="30 Nov 2018 05:22:44 GMT" time="26.931" errors="0">
  <testcase name="feature" time="26.931" classname="com.runner.TestNgRunner"/>
</testsuite> <!-- com.runner.TestNgRunner -->
