<?xml version="1.0" encoding="UTF-8"?>
<!-- Generated by org.testng.reporters.JUnitReportReporter -->
<testsuite skipped="0" hostname="DESKTOP-A7L5GQS" name="com.regression.WebTableWithTestNG" tests="3" failures="0" timestamp="30 Nov 2018 04:40:51 GMT" time="4.495" errors="0">
  <testcase name="getWebTableData" time="3.725" classname="com.regression.WebTableWithTestNG"/>
  <testcase name="getExcelData" time="0.762" classname="com.regression.WebTableWithTestNG"/>
  <testcase name="validation" time="0.008" classname="com.regression.WebTableWithTestNG"/>
</testsuite> <!-- com.regression.WebTableWithTestNG -->
